<?xml version="1.0" encoding="UTF-8"?>
<!-- Generated by org.testng.reporters.JUnitReportReporter -->
<testsuite name="TestNG.EmployeesPaymentTest" tests="6" time="0.033" ignored="0" failures="0" timestamp="17 Feb 2017 06:54:26 GMT" skipped="0" hostname="Vitaliis-MacBook-Pro.local" errors="0">
  <testcase name="testCalculateSalary" time="0.003" classname="TestNG.EmployeesPaymentTest"/>
  <testcase name="testQaTesterRating" time="0.002" classname="TestNG.EmployeesPaymentTest"/>
  <testcase name="testAvgAgeOfWorkers" time="0.004" classname="TestNG.EmployeesPaymentTest"/>
  <testcase name="testActualAmountOfWeekHours" time="0.017" classname="TestNG.EmployeesPaymentTest"/>
  <testcase name="testAdditionalFee" time="0.003" classname="TestNG.EmployeesPaymentTest"/>
  <testcase name="testBonus" time="0.004" classname="TestNG.EmployeesPaymentTest"/>
</testsuite> <!-- TestNG.EmployeesPaymentTest -->
